0	0	bicycle/bike_s_000682.png
1	0	bicycle/bike_s_000127.png
2	0	bicycle/cycle_s_002598.png
3	1	motorcycle/minibike_s_000824.png
4	1	motorcycle/motorcycle_s_001856.png
5	0	bicycle/bicycle_s_000537.png
6	1	motorcycle/moped_s_000169.png
7	1	motorcycle/motorcycle_s_001453.png
8	0	bicycle/safety_bike_s_000482.png
9	1	motorcycle/dirt_bike_s_000124.png
10	1	motorcycle/minibike_s_001863.png
11	1	motorcycle/minibike_s_001177.png
12	1	motorcycle/motorcycle_s_001792.png
13	1	motorcycle/minibike_s_001969.png
14	0	bicycle/velocipede_s_001585.png
15	1	motorcycle/moped_s_000035.png
16	0	bicycle/bike_s_000256.png
17	1	motorcycle/minibike_s_000571.png
18	1	motorcycle/motorcycle_s_001119.png
19	1	motorcycle/moped_s_000009.png
20	0	bicycle/ordinary_bicycle_s_000023.png
21	1	motorcycle/motorcycle_s_001693.png
22	0	bicycle/safety_bicycle_s_001570.png
23	0	bicycle/safety_bike_s_000989.png
24	0	bicycle/bicycle_s_001673.png
25	0	bicycle/ordinary_bicycle_s_000100.png
26	0	bicycle/bike_s_000544.png
27	1	motorcycle/motorcycle_s_001368.png
28	0	bicycle/bicycle_s_000392.png
29	1	motorcycle/motorbike_s_000221.png
30	0	bicycle/safety_bike_s_000311.png
31	0	bicycle/cycle_s_001745.png
32	1	motorcycle/motorcycle_s_002030.png
33	1	motorcycle/motorcycle_s_000074.png
34	0	bicycle/cycle_s_002978.png
35	0	bicycle/bike_s_001679.png
36	0	bicycle/bicycle_s_000536.png
37	0	bicycle/bike_s_000926.png
38	1	motorcycle/motorcycle_s_000070.png
39	0	bicycle/safety_bicycle_s_000655.png
40	0	bicycle/safety_bicycle_s_000427.png
41	1	motorcycle/minibike_s_000324.png
42	1	motorcycle/minibike_s_001631.png
43	1	motorcycle/motorcycle_s_000629.png
44	1	motorcycle/motorcycle_s_000605.png
45	1	motorcycle/motorcycle_s_001973.png
46	0	bicycle/bike_s_000555.png
47	0	bicycle/bicycle_s_002762.png
48	0	bicycle/bicycle_s_000778.png
49	0	bicycle/bike_s_001613.png
50	1	motorcycle/motorcycle_s_001180.png
51	1	motorcycle/minibike_s_001279.png
52	1	motorcycle/minibike_s_000451.png
53	1	motorcycle/motorbike_s_000346.png
54	1	motorcycle/minibike_s_000117.png
55	0	bicycle/bicycle_s_001448.png
56	1	motorcycle/motorcycle_s_000790.png
57	0	bicycle/bicycle_s_002373.png
58	0	bicycle/safety_bicycle_s_001202.png
59	1	motorcycle/motorcycle_s_000001.png
60	0	bicycle/bike_s_001882.png
61	0	bicycle/bike_s_001113.png
62	1	motorcycle/minibike_s_000362.png
63	0	bicycle/cycle_s_000718.png
64	0	bicycle/velocipede_s_001338.png
65	1	motorcycle/minibike_s_001972.png
66	0	bicycle/ordinary_bicycle_s_000107.png
67	1	motorcycle/motorcycle_s_000776.png
68	0	bicycle/safety_bike_s_000934.png
69	0	bicycle/bicycle_s_002218.png
70	0	bicycle/safety_bicycle_s_001240.png
71	0	bicycle/ordinary_bicycle_s_000355.png
72	1	motorcycle/motorcycle_s_000454.png
73	1	motorcycle/motorcycle_s_000245.png
74	1	motorcycle/minibike_s_000743.png
75	0	bicycle/safety_bike_s_000830.png
76	1	motorcycle/minibike_s_001573.png
77	1	motorcycle/motorbike_s_000141.png
78	1	motorcycle/minibike_s_000652.png
79	1	motorcycle/motorbike_s_000058.png
80	0	bicycle/bicycle_s_000279.png
81	0	bicycle/safety_bike_s_001608.png
82	0	bicycle/bicycle_s_000522.png
83	0	bicycle/bicycle_s_002569.png
84	0	bicycle/bicycle_s_000829.png
85	0	bicycle/velocipede_s_000586.png
86	1	motorcycle/dirt_bike_s_000017.png
87	0	bicycle/cycle_s_001640.png
88	0	bicycle/bicycle_s_000282.png
89	1	motorcycle/motorcycle_s_000713.png
90	1	motorcycle/bike_s_000035.png
91	0	bicycle/bike_s_000299.png
92	1	motorcycle/minibike_s_002198.png
93	0	bicycle/safety_bicycle_s_001253.png
94	1	motorcycle/minibike_s_000110.png
95	1	motorcycle/motorcycle_s_001370.png
96	1	motorcycle/motorcycle_s_001363.png
97	0	bicycle/ordinary_bicycle_s_000060.png
98	1	motorcycle/minibike_s_001653.png
99	0	bicycle/bicycle_s_001338.png
100	0	bicycle/cycle_s_002053.png
101	0	bicycle/velocipede_s_001056.png
102	1	motorcycle/minibike_s_000402.png
103	1	motorcycle/motorbike_s_000124.png
104	0	bicycle/cycle_s_002638.png
105	0	bicycle/velocipede_s_000949.png
106	0	bicycle/safety_bike_s_000921.png
107	0	bicycle/ordinary_bicycle_s_000297.png
108	1	motorcycle/motorcycle_s_001580.png
109	0	bicycle/velocipede_s_000139.png
110	0	bicycle/bicycle_s_000561.png
111	0	bicycle/ordinary_bicycle_s_000161.png
112	1	motorcycle/minibike_s_000518.png
113	1	motorcycle/motorcycle_s_000167.png
114	0	bicycle/cycle_s_000318.png
115	0	bicycle/velocipede_s_001958.png
116	0	bicycle/ordinary_bicycle_s_000201.png
117	0	bicycle/bike_s_001462.png
118	0	bicycle/bicycle_s_000437.png
119	0	bicycle/velocipede_s_000825.png
120	0	bicycle/safety_bike_s_000100.png
121	1	motorcycle/minibike_s_000654.png
122	0	bicycle/bicycle_s_000021.png
123	1	motorcycle/moped_s_000030.png
124	0	bicycle/velocipede_s_001142.png
125	1	motorcycle/motorbike_s_000117.png
126	0	bicycle/ordinary_bicycle_s_000036.png
127	1	motorcycle/motorcycle_s_000787.png
128	0	bicycle/bike_s_000516.png
129	1	motorcycle/motorcycle_s_000256.png
130	0	bicycle/bicycle_s_002299.png
131	0	bicycle/velocipede_s_001883.png
132	1	motorcycle/motorcycle_s_002143.png
133	0	bicycle/cycle_s_000899.png
134	0	bicycle/bicycle_s_002436.png
135	0	bicycle/safety_bicycle_s_000255.png
136	1	motorcycle/minibike_s_000565.png
137	0	bicycle/bike_s_000034.png
138	1	motorcycle/motorcycle_s_001064.png
139	1	motorcycle/minibike_s_001017.png
140	1	motorcycle/motorbike_s_000172.png
141	1	motorcycle/motorcycle_s_000923.png
142	0	bicycle/cycle_s_000583.png
143	1	motorcycle/motorcycle_s_000991.png
144	1	motorcycle/motorbike_s_000541.png
145	1	motorcycle/motorcycle_s_001303.png
146	0	bicycle/safety_bike_s_000567.png
147	1	motorcycle/minibike_s_000350.png
148	1	motorcycle/motorcycle_s_001905.png
149	0	bicycle/bicycle_s_001247.png
150	0	bicycle/bicycle_s_001693.png
151	0	bicycle/bicycle_s_002258.png
152	0	bicycle/safety_bike_s_001552.png
153	0	bicycle/cycle_s_002651.png
154	0	bicycle/bicycle_s_000759.png
155	1	motorcycle/motorcycle_s_001176.png
156	0	bicycle/ordinary_bicycle_s_000432.png
157	1	motorcycle/minibike_s_000526.png
158	0	bicycle/safety_bicycle_s_001049.png
159	1	motorcycle/minibike_s_001827.png
160	0	bicycle/bike_s_001072.png
161	0	bicycle/bike_s_001876.png
162	1	motorcycle/minibike_s_001511.png
163	0	bicycle/bike_s_000237.png
164	1	motorcycle/motorbike_s_000254.png
165	0	bicycle/bicycle_s_000180.png
166	0	bicycle/safety_bicycle_s_000359.png
167	1	motorcycle/motorcycle_s_000220.png
168	1	motorcycle/motorcycle_s_002225.png
169	1	motorcycle/minibike_s_001185.png
170	1	motorcycle/motorcycle_s_000025.png
171	0	bicycle/safety_bike_s_000058.png
172	1	motorcycle/dirt_bike_s_000030.png
173	1	motorcycle/minibike_s_002009.png
174	0	bicycle/bicycle_s_000753.png
175	0	bicycle/safety_bicycle_s_001320.png
176	1	motorcycle/motorcycle_s_001287.png
177	0	bicycle/ordinary_bicycle_s_000451.png
178	1	motorcycle/minibike_s_000885.png
179	1	motorcycle/motorcycle_s_000418.png
180	0	bicycle/velocipede_s_000282.png
181	0	bicycle/cycle_s_001474.png
182	0	bicycle/bicycle_s_000667.png
183	1	motorcycle/minibike_s_001546.png
184	0	bicycle/bicycle_s_001452.png
185	1	motorcycle/motorcycle_s_000978.png
186	1	motorcycle/motorcycle_s_000447.png
187	1	motorcycle/minibike_s_000146.png
188	1	motorcycle/motorcycle_s_000300.png
189	0	bicycle/safety_bicycle_s_001381.png
190	0	bicycle/bike_s_001519.png
191	1	motorcycle/minibike_s_001689.png
192	0	bicycle/bike_s_001320.png
193	0	bicycle/bike_s_000722.png
194	1	motorcycle/motorcycle_s_000508.png
195	1	motorcycle/motorcycle_s_002105.png
196	1	motorcycle/minibike_s_000165.png
197	0	bicycle/cycle_s_002703.png
198	0	bicycle/ordinary_bicycle_s_000216.png
199	1	motorcycle/motorcycle_s_001610.png
200	0	bicycle/cycle_s_002779.png
201	0	bicycle/bicycle_s_000668.png
202	1	motorcycle/minibike_s_002186.png
203	0	bicycle/bike_s_002118.png
204	0	bicycle/safety_bike_s_001472.png
205	0	bicycle/ordinary_bicycle_s_000016.png
206	1	motorcycle/motorcycle_s_001384.png
207	1	motorcycle/motorcycle_s_000431.png
208	0	bicycle/bike_s_000302.png
209	0	bicycle/velocipede_s_000659.png
210	1	motorcycle/motorcycle_s_001585.png
211	0	bicycle/bike_s_001027.png
212	0	bicycle/bicycle_s_000396.png
213	1	motorcycle/minibike_s_000149.png
214	0	bicycle/velocipede_s_000702.png
215	0	bicycle/ordinary_bicycle_s_000155.png
216	0	bicycle/cycle_s_003122.png
217	1	motorcycle/motorbike_s_000021.png
218	0	bicycle/safety_bicycle_s_001026.png
219	0	bicycle/bike_s_001375.png
220	0	bicycle/safety_bicycle_s_000533.png
221	0	bicycle/bike_s_000021.png
222	1	motorcycle/minibike_s_000968.png
223	1	motorcycle/minibike_s_001873.png
224	0	bicycle/bicycle_s_000463.png
225	0	bicycle/bike_s_001839.png
226	1	motorcycle/minibike_s_000340.png
227	1	motorcycle/minibike_s_000831.png
228	1	motorcycle/motorcycle_s_001273.png
229	1	motorcycle/motorcycle_s_000807.png
230	0	bicycle/bicycle_s_000156.png
231	1	motorcycle/motorcycle_s_000732.png
232	1	motorcycle/dirt_bike_s_000119.png
233	0	bicycle/bicycle_s_000231.png
234	0	bicycle/ordinary_bicycle_s_000056.png
235	0	bicycle/ordinary_bicycle_s_000022.png
236	0	bicycle/safety_bicycle_s_001243.png
237	1	motorcycle/motorcycle_s_000894.png
238	1	motorcycle/motorcycle_s_001397.png
239	1	motorcycle/motorcycle_s_000542.png
240	1	motorcycle/motorcycle_s_000834.png
241	1	motorcycle/motorcycle_s_001238.png
242	1	motorcycle/minibike_s_000567.png
243	1	motorcycle/minibike_s_001512.png
244	0	bicycle/bike_s_001945.png
245	0	bicycle/cycle_s_003148.png
246	0	bicycle/safety_bicycle_s_000019.png
247	0	bicycle/safety_bicycle_s_000167.png
248	1	motorcycle/motorcycle_s_001407.png
249	0	bicycle/velocipede_s_001225.png
250	1	motorcycle/moped_s_000168.png
251	0	bicycle/bicycle_s_000071.png
252	1	motorcycle/minibike_s_002030.png
253	1	motorcycle/minibike_s_001294.png
254	1	motorcycle/minibike_s_001767.png
255	0	bicycle/safety_bike_s_000984.png
256	0	bicycle/bicycle_s_000782.png
257	0	bicycle/ordinary_bicycle_s_000095.png
258	0	bicycle/cycle_s_001286.png
259	0	bicycle/bike_s_001116.png
260	1	motorcycle/motorcycle_s_002065.png
261	0	bicycle/ordinary_bicycle_s_000433.png
262	1	motorcycle/motorcycle_s_002221.png
263	0	bicycle/safety_bike_s_000054.png
264	0	bicycle/bicycle_s_001174.png
265	0	bicycle/bicycle_s_002222.png
266	0	bicycle/velocipede_s_001361.png
267	0	bicycle/safety_bike_s_001012.png
268	1	motorcycle/minibike_s_000244.png
269	0	bicycle/bicycle_s_000861.png
270	1	motorcycle/minibike_s_000566.png
271	1	motorcycle/motorcycle_s_001244.png
272	0	bicycle/bicycle_s_002715.png
273	0	bicycle/safety_bike_s_000963.png
274	1	motorcycle/motorcycle_s_001765.png
275	0	bicycle/velocipede_s_000021.png
276	1	motorcycle/motorcycle_s_000580.png
277	0	bicycle/bike_s_001226.png
278	1	motorcycle/motorcycle_s_000440.png
279	1	motorcycle/motorcycle_s_000144.png
280	0	bicycle/cycle_s_002844.png
281	1	motorcycle/minibike_s_000485.png
282	0	bicycle/ordinary_bicycle_s_000426.png
283	1	motorcycle/minibike_s_002196.png
284	0	bicycle/bike_s_001897.png
285	0	bicycle/cycle_s_001374.png
286	1	motorcycle/motorcycle_s_000585.png
287	0	bicycle/bike_s_000026.png
288	0	bicycle/bicycle_s_000235.png
289	1	motorcycle/minibike_s_000108.png
290	1	motorcycle/motorcycle_s_000072.png
291	1	motorcycle/motorcycle_s_002234.png
292	0	bicycle/bicycle_s_000785.png
293	1	motorcycle/motorcycle_s_000669.png
294	0	bicycle/bicycle_s_000051.png
295	0	bicycle/bike_s_001093.png
296	0	bicycle/velocipede_s_000049.png
297	1	motorcycle/bike_s_000023.png
298	1	motorcycle/motorcycle_s_001696.png
299	0	bicycle/safety_bicycle_s_001113.png
300	1	motorcycle/motorcycle_s_000451.png
301	0	bicycle/velocipede_s_000485.png
302	1	motorcycle/motorcycle_s_001753.png
303	0	bicycle/cycle_s_001439.png
304	1	motorcycle/minibike_s_002038.png
305	0	bicycle/bicycle_s_000147.png
306	0	bicycle/cycle_s_002399.png
307	1	motorcycle/motorcycle_s_001565.png
308	0	bicycle/bicycle_s_000159.png
309	1	motorcycle/minibike_s_000035.png
310	0	bicycle/safety_bicycle_s_000239.png
311	0	bicycle/safety_bike_s_001640.png
312	1	motorcycle/minibike_s_000698.png
313	1	motorcycle/minibike_s_000967.png
314	0	bicycle/safety_bike_s_000381.png
315	1	motorcycle/motorcycle_s_000216.png
316	0	bicycle/bike_s_000855.png
317	1	motorcycle/motorcycle_s_001715.png
318	1	motorcycle/motorcycle_s_002275.png
319	0	bicycle/safety_bike_s_001338.png
320	0	bicycle/safety_bicycle_s_001705.png
321	1	motorcycle/minibike_s_000855.png
322	0	bicycle/bicycle_s_002132.png
323	1	motorcycle/minibike_s_000218.png
324	0	bicycle/safety_bike_s_000178.png
325	1	motorcycle/motorcycle_s_001584.png
326	0	bicycle/safety_bicycle_s_000162.png
327	1	motorcycle/motorcycle_s_001392.png
328	0	bicycle/bicycle_s_001814.png
329	1	motorcycle/motorbike_s_000362.png
330	1	motorcycle/minibike_s_000519.png
331	1	motorcycle/minibike_s_001417.png
332	0	bicycle/safety_bike_s_000277.png
333	0	bicycle/cycle_s_002090.png
334	0	bicycle/bicycle_s_001168.png
335	1	motorcycle/minibike_s_000498.png
336	1	motorcycle/motorcycle_s_001400.png
337	1	motorcycle/motorcycle_s_000320.png
338	1	motorcycle/minibike_s_001734.png
339	0	bicycle/cycle_s_002659.png
340	0	bicycle/bike_s_000990.png
341	0	bicycle/velocipede_s_000358.png
342	0	bicycle/safety_bicycle_s_000568.png
343	1	motorcycle/motorcycle_s_000312.png
344	1	motorcycle/motorcycle_s_001686.png
345	0	bicycle/cycle_s_001472.png
346	1	motorcycle/minibike_s_000064.png
347	0	bicycle/safety_bike_s_001784.png
348	1	motorcycle/motorcycle_s_002236.png
349	1	motorcycle/minibike_s_000020.png
350	1	motorcycle/motorcycle_s_001182.png
351	0	bicycle/bicycle_s_000781.png
352	0	bicycle/ordinary_bicycle_s_000167.png
353	0	bicycle/cycle_s_002666.png
354	1	motorcycle/dirt_bike_s_000134.png
355	0	bicycle/bike_s_000015.png
356	0	bicycle/bike_s_001767.png
357	1	motorcycle/motorcycle_s_001790.png
358	0	bicycle/bike_s_001915.png
359	0	bicycle/bike_s_001415.png
360	1	motorcycle/motorbike_s_000578.png
361	0	bicycle/safety_bicycle_s_000532.png
362	0	bicycle/ordinary_bicycle_s_000049.png
363	1	motorcycle/minibike_s_001639.png
364	0	bicycle/bike_s_000129.png
365	1	motorcycle/minibike_s_001565.png
366	0	bicycle/bike_s_002203.png
367	1	motorcycle/minibike_s_000401.png
368	0	bicycle/safety_bicycle_s_001608.png
369	0	bicycle/velocipede_s_000670.png
370	0	bicycle/safety_bicycle_s_000207.png
371	1	motorcycle/motorcycle_s_001853.png
372	0	bicycle/bike_s_002222.png
373	1	motorcycle/motorcycle_s_000004.png
374	1	motorcycle/motorcycle_s_000496.png
375	1	motorcycle/motorcycle_s_001492.png
376	0	bicycle/bike_s_001761.png
377	0	bicycle/velocipede_s_001299.png
378	0	bicycle/bike_s_000040.png
379	0	bicycle/cycle_s_003162.png
380	0	bicycle/velocipede_s_001880.png
381	0	bicycle/bike_s_002139.png
382	0	bicycle/bicycle_s_001583.png
383	0	bicycle/safety_bicycle_s_001706.png
384	0	bicycle/bike_s_001200.png
385	1	motorcycle/motorcycle_s_000699.png
386	0	bicycle/cycle_s_000492.png
387	0	bicycle/cycle_s_000222.png
388	1	motorcycle/motorcycle_s_002162.png
389	1	motorcycle/minibike_s_000409.png
390	0	bicycle/cycle_s_001735.png
391	0	bicycle/bike_s_000657.png
392	0	bicycle/safety_bike_s_000643.png
393	0	bicycle/bike_s_000506.png
394	1	motorcycle/minibike_s_001348.png
395	1	motorcycle/moped_s_000065.png
396	0	bicycle/bicycle_s_002729.png
397	0	bicycle/bicycle_s_001687.png
398	0	bicycle/bicycle_s_002338.png
399	1	motorcycle/motorcycle_s_000459.png
400	0	bicycle/bike_s_000593.png
401	0	bicycle/velocipede_s_001422.png
402	0	bicycle/ordinary_bicycle_s_000347.png
403	1	motorcycle/minibike_s_001870.png
404	0	bicycle/bicycle_s_001757.png
405	1	motorcycle/motorcycle_s_001016.png
406	1	motorcycle/motorbike_s_000041.png
407	0	bicycle/bike_s_000522.png
408	0	bicycle/ordinary_bicycle_s_000104.png
409	0	bicycle/bike_s_000397.png
410	1	motorcycle/minibike_s_000802.png
411	1	motorcycle/trail_bike_s_000016.png
412	1	motorcycle/motorcycle_s_000686.png
413	0	bicycle/velocipede_s_001935.png
414	0	bicycle/safety_bike_s_000165.png
415	1	motorcycle/motorbike_s_000308.png
416	0	bicycle/bike_s_000018.png
417	0	bicycle/cycle_s_001976.png
418	1	motorcycle/minibike_s_000741.png
419	1	motorcycle/motorcycle_s_001236.png
420	1	motorcycle/moped_s_000071.png
421	0	bicycle/bike_s_000164.png
422	0	bicycle/bike_s_001739.png
423	0	bicycle/bicycle_s_001388.png
424	0	bicycle/bicycle_s_000149.png
425	1	motorcycle/motorcycle_s_002197.png
426	1	motorcycle/motorcycle_s_000277.png
427	1	motorcycle/motorcycle_s_001690.png
428	1	motorcycle/minibike_s_002048.png
429	1	motorcycle/motorcycle_s_000253.png
430	0	bicycle/safety_bike_s_001010.png
431	1	motorcycle/motorcycle_s_000785.png
432	0	bicycle/ordinary_bicycle_s_000387.png
433	0	bicycle/cycle_s_001309.png
434	1	motorcycle/motorcycle_s_002316.png
435	1	motorcycle/motorcycle_s_000340.png
436	1	motorcycle/moped_s_000124.png
437	1	motorcycle/minibike_s_001917.png
438	0	bicycle/bicycle_s_000951.png
439	1	motorcycle/motorcycle_s_000002.png
440	1	motorcycle/motorcycle_s_001063.png
441	1	motorcycle/motorcycle_s_001641.png
442	0	bicycle/bicycle_s_002129.png
443	1	motorcycle/minibike_s_002182.png
444	1	motorcycle/minibike_s_000427.png
445	1	motorcycle/motorcycle_s_001438.png
446	1	motorcycle/motorcycle_s_000126.png
447	1	motorcycle/minibike_s_001865.png
448	1	motorcycle/motorcycle_s_000456.png
449	1	motorcycle/motorcycle_s_000252.png
450	0	bicycle/bicycle_s_000043.png
451	0	bicycle/bicycle_s_001928.png
452	0	bicycle/safety_bike_s_000173.png
453	1	motorcycle/motorcycle_s_000696.png
454	1	motorcycle/motorcycle_s_001413.png
455	0	bicycle/safety_bicycle_s_001303.png
456	1	motorcycle/motorcycle_s_001220.png
457	0	bicycle/safety_bicycle_s_000079.png
458	0	bicycle/bicycle_s_001681.png
459	0	bicycle/cycle_s_002015.png
460	0	bicycle/cycle_s_002746.png
461	1	motorcycle/minibike_s_001250.png
462	0	bicycle/safety_bicycle_s_000303.png
463	0	bicycle/bike_s_000392.png
464	1	motorcycle/minibike_s_000408.png
465	0	bicycle/safety_bike_s_001355.png
466	1	motorcycle/motorcycle_s_000076.png
467	0	bicycle/safety_bicycle_s_000322.png
468	0	bicycle/bike_s_002090.png
469	1	motorcycle/motorcycle_s_000796.png
470	1	motorcycle/motorbike_s_000225.png
471	1	motorcycle/motorcycle_s_000050.png
472	0	bicycle/bike_s_000474.png
473	1	motorcycle/motorcycle_s_000127.png
474	1	motorcycle/motorcycle_s_002193.png
475	0	bicycle/bicycle_s_002374.png
476	1	motorcycle/minibike_s_001558.png
477	0	bicycle/velocipede_s_001279.png
478	1	motorcycle/minibike_s_001496.png
479	0	bicycle/bicycle_s_001411.png
480	1	motorcycle/minibike_s_001072.png
481	0	bicycle/bicycle_s_001688.png
482	0	bicycle/safety_bike_s_000160.png
483	1	motorcycle/minibike_s_000820.png
484	0	bicycle/ordinary_bicycle_s_000298.png
485	0	bicycle/bicycle_s_000314.png
486	1	motorcycle/motorcycle_s_001862.png
487	1	motorcycle/minibike_s_001575.png
488	1	motorcycle/minibike_s_000709.png
489	0	bicycle/velocipede_s_000931.png
490	0	bicycle/safety_bike_s_000104.png
491	1	motorcycle/motorcycle_s_001197.png
492	1	motorcycle/motorbike_s_000115.png
493	0	bicycle/bicycle_s_002728.png
494	0	bicycle/safety_bike_s_001474.png
495	0	bicycle/bike_s_002024.png
496	0	bicycle/cycle_s_000666.png
497	1	motorcycle/motorcycle_s_000617.png
498	0	bicycle/safety_bike_s_000461.png
499	0	bicycle/bike_s_001572.png
500	1	motorcycle/motorcycle_s_000003.png
501	0	bicycle/bicycle_s_002029.png
502	1	motorcycle/minibike_s_000701.png
503	1	motorcycle/motorbike_s_000009.png
504	1	motorcycle/minibike_s_001789.png
505	1	motorcycle/motorcycle_s_000417.png
506	1	motorcycle/motorcycle_s_000246.png
507	1	motorcycle/minibike_s_000886.png
508	1	motorcycle/motorcycle_s_000154.png
509	1	motorcycle/minibike_s_001169.png
510	0	bicycle/cycle_s_002904.png
511	1	motorcycle/motorcycle_s_000772.png
512	0	bicycle/velocipede_s_001158.png
513	0	bicycle/bicycle_s_002521.png
514	1	motorcycle/minibike_s_001179.png
515	0	bicycle/bicycle_s_001111.png
516	0	bicycle/bicycle_s_001205.png
517	0	bicycle/bicycle_s_000435.png
518	1	motorcycle/minibike_s_001771.png
519	1	motorcycle/motorcycle_s_000545.png
520	1	motorcycle/moped_s_000004.png
521	0	bicycle/velocipede_s_001358.png
522	1	motorcycle/motorcycle_s_001402.png
523	1	motorcycle/minibike_s_001836.png
524	1	motorcycle/motorcycle_s_002067.png
525	0	bicycle/bicycle_s_002012.png
526	1	motorcycle/motorcycle_s_000517.png
527	1	motorcycle/minibike_s_001345.png
528	1	motorcycle/minibike_s_000522.png
529	1	motorcycle/motorcycle_s_000700.png
530	1	motorcycle/motorcycle_s_001183.png
531	0	bicycle/velocipede_s_001874.png
532	0	bicycle/cycle_s_003006.png
533	1	motorcycle/motorcycle_s_000170.png
534	0	bicycle/ordinary_bicycle_s_000419.png
535	1	motorcycle/motorcycle_s_000284.png
536	1	motorcycle/motorbike_s_000035.png
537	1	motorcycle/dirt_bike_s_000005.png
538	1	motorcycle/motorcycle_s_001784.png
539	1	motorcycle/motorcycle_s_001848.png
540	1	motorcycle/minibike_s_002046.png
541	1	motorcycle/motorcycle_s_002317.png
542	0	bicycle/bike_s_001980.png
543	0	bicycle/safety_bike_s_000950.png
544	0	bicycle/bicycle_s_002237.png
545	0	bicycle/cycle_s_000042.png
546	0	bicycle/bike_s_000628.png
547	0	bicycle/bike_s_000005.png
548	0	bicycle/ordinary_bicycle_s_000324.png
549	1	motorcycle/motorcycle_s_000346.png
550	0	bicycle/safety_bicycle_s_000789.png
551	0	bicycle/ordinary_bicycle_s_000011.png
552	1	motorcycle/minibike_s_001157.png
553	0	bicycle/bike_s_000051.png
554	1	motorcycle/motorcycle_s_000919.png
555	0	bicycle/velocipede_s_001514.png
556	0	bicycle/bike_s_001592.png
557	0	bicycle/ordinary_bicycle_s_000066.png
558	0	bicycle/bicycle_s_001470.png
559	1	motorcycle/motorcycle_s_001695.png
560	1	motorcycle/motorcycle_s_001215.png
561	0	bicycle/bike_s_002098.png
562	0	bicycle/bike_s_001928.png
563	0	bicycle/bicycle_s_001748.png
564	1	motorcycle/motorcycle_s_001520.png
565	0	bicycle/safety_bicycle_s_000728.png
566	1	motorcycle/motorcycle_s_000925.png
567	0	bicycle/safety_bike_s_000914.png
568	0	bicycle/safety_bike_s_001659.png
569	0	bicycle/safety_bike_s_000155.png
570	0	bicycle/bicycle_s_002153.png
571	0	bicycle/safety_bike_s_001715.png
572	0	bicycle/bicycle_s_000035.png
573	0	bicycle/bicycle_s_002669.png
574	0	bicycle/bike_s_002277.png
575	0	bicycle/ordinary_bicycle_s_000265.png
576	0	bicycle/bicycle_s_000369.png
577	0	bicycle/velocipede_s_001298.png
578	1	motorcycle/minibike_s_001944.png
579	1	motorcycle/motorcycle_s_002215.png
580	0	bicycle/ordinary_bicycle_s_000008.png
581	0	bicycle/bicycle_s_000491.png
582	1	motorcycle/motorcycle_s_000146.png
583	1	motorcycle/minibike_s_001261.png
584	0	bicycle/safety_bicycle_s_000140.png
585	1	motorcycle/motorcycle_s_000407.png
586	1	motorcycle/minibike_s_000099.png
587	1	motorcycle/motorcycle_s_001767.png
588	0	bicycle/safety_bike_s_000263.png
589	1	motorcycle/motorcycle_s_001205.png
590	1	motorcycle/motorbike_s_000134.png
591	0	bicycle/safety_bike_s_000245.png
592	1	motorcycle/motorcycle_s_000422.png
593	1	motorcycle/minibike_s_000800.png
594	1	motorcycle/minibike_s_001829.png
595	1	motorcycle/minibike_s_002124.png
596	0	bicycle/bike_s_001414.png
597	1	motorcycle/motorcycle_s_000423.png
598	1	motorcycle/motorcycle_s_001435.png
599	1	motorcycle/motorcycle_s_001237.png
600	1	motorcycle/motorcycle_s_001878.png
601	0	bicycle/cycle_s_002093.png
602	0	bicycle/velocipede_s_000265.png
603	0	bicycle/bike_s_001847.png
604	0	bicycle/cycle_s_000463.png
605	1	motorcycle/motorcycle_s_002140.png
606	1	motorcycle/motorcycle_s_001246.png
607	0	bicycle/bike_s_001517.png
608	1	motorcycle/motorcycle_s_000219.png
609	1	motorcycle/motorbike_s_000501.png
610	0	bicycle/velocipede_s_001872.png
611	1	motorcycle/motorcycle_s_001337.png
612	1	motorcycle/motorcycle_s_000169.png
613	1	motorcycle/motorcycle_s_000347.png
614	0	bicycle/ordinary_bicycle_s_000274.png
615	0	bicycle/safety_bicycle_s_000196.png
616	0	bicycle/bicycle_s_002049.png
617	1	motorcycle/minibike_s_000010.png
618	1	motorcycle/motorcycle_s_002121.png
619	1	motorcycle/motorbike_s_000060.png
620	1	motorcycle/motorbike_s_000534.png
621	0	bicycle/ordinary_bicycle_s_000286.png
622	0	bicycle/bicycle_s_000723.png
623	0	bicycle/bicycle_s_000066.png
624	1	motorcycle/motorcycle_s_000741.png
625	1	motorcycle/minibike_s_001168.png
626	1	motorcycle/bike_s_000001.png
627	1	motorcycle/minibike_s_001491.png
628	1	motorcycle/motorcycle_s_000430.png
629	1	motorcycle/motorcycle_s_000026.png
630	0	bicycle/bicycle_s_002448.png
631	0	bicycle/cycle_s_001412.png
632	1	motorcycle/motorcycle_s_000714.png
633	1	motorcycle/motorcycle_s_000319.png
634	0	bicycle/safety_bicycle_s_001254.png
635	0	bicycle/ordinary_bicycle_s_000205.png
636	0	bicycle/bicycle_s_002400.png
637	1	motorcycle/motorcycle_s_001126.png
638	0	bicycle/bike_s_000364.png
639	0	bicycle/ordinary_bicycle_s_000096.png
640	0	bicycle/bike_s_000204.png
641	1	motorcycle/motorcycle_s_001181.png
642	1	motorcycle/minibike_s_001450.png
643	1	motorcycle/minibike_s_000130.png
644	1	motorcycle/motorcycle_s_002214.png
645	1	motorcycle/motorcycle_s_001263.png
646	1	motorcycle/minibike_s_000568.png
647	0	bicycle/bicycle_s_000774.png
648	0	bicycle/ordinary_bicycle_s_000125.png
649	1	motorcycle/minibike_s_001731.png
650	0	bicycle/bicycle_s_000243.png
651	1	motorcycle/motorcycle_s_000029.png
652	0	bicycle/velocipede_s_000023.png
653	1	motorcycle/minibike_s_001701.png
654	0	bicycle/ordinary_bicycle_s_000035.png
655	0	bicycle/safety_bike_s_000244.png
656	0	bicycle/bicycle_s_000137.png
657	1	motorcycle/motorbike_s_000331.png
658	1	motorcycle/motorcycle_s_000120.png
659	0	bicycle/velocipede_s_000989.png
660	1	motorcycle/moped_s_000135.png
661	0	bicycle/bicycle_s_000569.png
662	0	bicycle/safety_bicycle_s_001699.png
663	0	bicycle/bicycle_s_000399.png
664	0	bicycle/bike_s_002033.png
665	0	bicycle/ordinary_bicycle_s_000280.png
666	0	bicycle/bike_s_002283.png
667	0	bicycle/cycle_s_001413.png
668	1	motorcycle/dirt_bike_s_000059.png
669	1	motorcycle/motorcycle_s_001699.png
670	1	motorcycle/motorcycle_s_000687.png
671	0	bicycle/bike_s_000304.png
672	1	motorcycle/motorcycle_s_002192.png
673	1	motorcycle/motorcycle_s_000887.png
674	0	bicycle/bike_s_002042.png
675	0	bicycle/bicycle_s_000467.png
676	1	motorcycle/motorcycle_s_001706.png
677	1	motorcycle/minibike_s_002176.png
678	0	bicycle/safety_bicycle_s_000760.png
679	0	bicycle/bicycle_s_000546.png
680	0	bicycle/safety_bike_s_000158.png
681	0	bicycle/bicycle_s_001679.png
682	1	motorcycle/motorcycle_s_000924.png
683	0	bicycle/bicycle_s_000996.png
684	1	motorcycle/motorcycle_s_000432.png
685	0	bicycle/ordinary_bicycle_s_000277.png
686	0	bicycle/bike_s_002164.png
687	1	motorcycle/minibike_s_000036.png
688	1	motorcycle/motorbike_s_000062.png
689	1	motorcycle/motorcycle_s_000133.png
690	0	bicycle/safety_bike_s_000328.png
691	0	bicycle/safety_bicycle_s_001028.png
692	1	motorcycle/minibike_s_001506.png
693	1	motorcycle/motorcycle_s_001549.png
694	0	bicycle/bike_s_002292.png
695	1	motorcycle/bike_s_000121.png
696	1	motorcycle/motorcycle_s_001167.png
697	0	bicycle/bicycle_s_000124.png
698	1	motorcycle/motorcycle_s_002237.png
699	0	bicycle/velocipede_s_001870.png
700	1	motorcycle/moped_s_000119.png
701	1	motorcycle/minibike_s_000121.png
702	1	motorcycle/motorcycle_s_000928.png
703	1	motorcycle/minibike_s_001881.png
704	0	bicycle/bike_s_000679.png
705	1	motorcycle/motorcycle_s_002183.png
706	0	bicycle/bike_s_000111.png
707	0	bicycle/bike_s_001260.png
708	0	bicycle/safety_bicycle_s_000660.png
709	1	motorcycle/motorcycle_s_000695.png
710	0	bicycle/safety_bicycle_s_000233.png
711	1	motorcycle/motorcycle_s_000792.png
712	1	motorcycle/motorcycle_s_000922.png
713	0	bicycle/bicycle_s_002711.png
714	0	bicycle/bike_s_000390.png
715	1	motorcycle/minibike_s_001094.png
716	1	motorcycle/minibike_s_000507.png
717	1	motorcycle/motorcycle_s_001213.png
718	0	bicycle/bike_s_000154.png
719	1	motorcycle/motorcycle_s_000223.png
720	0	bicycle/bicycle_s_002661.png
721	0	bicycle/safety_bicycle_s_000232.png
722	0	bicycle/bicycle_s_001663.png
723	1	motorcycle/motorbike_s_000463.png
724	1	motorcycle/minibike_s_002137.png
725	0	bicycle/safety_bicycle_s_001651.png
726	1	motorcycle/motorcycle_s_000151.png
727	1	motorcycle/motorcycle_s_000217.png
728	0	bicycle/bike_s_001877.png
729	0	bicycle/velocipede_s_001278.png
730	1	motorcycle/minibike_s_001540.png
731	1	motorcycle/minibike_s_001885.png
732	0	bicycle/velocipede_s_000012.png
733	0	bicycle/bicycle_s_001956.png
734	0	bicycle/ordinary_bicycle_s_000098.png
735	0	bicycle/bicycle_s_002725.png
736	0	bicycle/velocipede_s_001210.png
737	0	bicycle/bicycle_s_000039.png
738	1	motorcycle/motorcycle_s_000654.png
739	0	bicycle/safety_bike_s_000079.png
740	1	motorcycle/motorcycle_s_002291.png
741	0	bicycle/cycle_s_002168.png
742	0	bicycle/bike_s_001078.png
743	1	motorcycle/motorbike_s_000427.png
744	1	motorcycle/minibike_s_001921.png
745	1	motorcycle/motorcycle_s_000917.png
746	0	bicycle/velocipede_s_001920.png
747	0	bicycle/cycle_s_003026.png
748	1	motorcycle/motorcycle_s_000543.png
749	1	motorcycle/minibike_s_000491.png
750	1	motorcycle/motorcycle_s_001439.png
751	1	motorcycle/minibike_s_002084.png
752	0	bicycle/bicycle_s_000775.png
753	1	motorcycle/motorcycle_s_000262.png
754	1	motorcycle/moped_s_000237.png
755	0	bicycle/bicycle_s_000978.png
756	0	bicycle/bike_s_000162.png
757	1	motorcycle/motorbike_s_000106.png
758	1	motorcycle/motorcycle_s_000136.png
759	1	motorcycle/motorcycle_s_001319.png
760	0	bicycle/safety_bicycle_s_000125.png
761	0	bicycle/bicycle_s_001402.png
762	1	motorcycle/minibike_s_000511.png
763	1	motorcycle/motorcycle_s_000332.png
764	1	motorcycle/motorcycle_s_001315.png
765	0	bicycle/ordinary_bicycle_s_000031.png
766	1	motorcycle/motorcycle_s_000353.png
767	1	motorcycle/motorcycle_s_000521.png
768	0	bicycle/safety_bicycle_s_000860.png
769	1	motorcycle/motorcycle_s_002153.png
770	0	bicycle/safety_bicycle_s_000324.png
771	0	bicycle/ordinary_bicycle_s_000112.png
772	1	motorcycle/motorbike_s_000068.png
773	1	motorcycle/motorcycle_s_002254.png
774	1	motorcycle/motorcycle_s_000989.png
775	1	motorcycle/motorcycle_s_000622.png
776	0	bicycle/bike_s_000545.png
777	0	bicycle/ordinary_bicycle_s_000099.png
778	0	bicycle/safety_bike_s_001257.png
779	0	bicycle/bicycle_s_001203.png
780	0	bicycle/safety_bicycle_s_001085.png
781	1	motorcycle/motorcycle_s_002222.png
782	0	bicycle/safety_bicycle_s_001639.png
783	0	bicycle/velocipede_s_001222.png
784	1	motorcycle/minibike_s_000392.png
785	0	bicycle/ordinary_bicycle_s_000308.png
786	1	motorcycle/motorcycle_s_001896.png
787	1	motorcycle/motorcycle_s_000325.png
788	0	bicycle/bicycle_s_000986.png
789	0	bicycle/safety_bicycle_s_000373.png
790	0	bicycle/safety_bicycle_s_000348.png
791	0	bicycle/bicycle_s_002005.png
792	1	motorcycle/minibike_s_002130.png
793	0	bicycle/safety_bike_s_000867.png
794	0	bicycle/bicycle_s_002475.png
795	1	motorcycle/minibike_s_001193.png
796	1	motorcycle/minibike_s_001366.png
797	1	motorcycle/motorcycle_s_001711.png
798	1	motorcycle/minibike_s_001275.png
799	0	bicycle/velocipede_s_001907.png
800	1	motorcycle/motorcycle_s_000207.png
801	1	motorcycle/motorcycle_s_001409.png
802	0	bicycle/safety_bicycle_s_000261.png
803	1	motorcycle/minibike_s_000738.png
804	1	motorcycle/motorcycle_s_001106.png
805	0	bicycle/safety_bike_s_000198.png
806	1	motorcycle/minibike_s_001479.png
807	0	bicycle/velocipede_s_000430.png
808	0	bicycle/bicycle_s_001409.png
809	1	motorcycle/motorcycle_s_000938.png
810	1	motorcycle/motorcycle_s_000941.png
811	0	bicycle/bicycle_s_000038.png
812	1	motorcycle/minibike_s_001016.png
813	0	bicycle/velocipede_s_001200.png
814	0	bicycle/bike_s_002109.png
815	0	bicycle/cycle_s_002092.png
816	1	motorcycle/motorcycle_s_002066.png
817	1	motorcycle/motorcycle_s_001920.png
818	1	motorcycle/minibike_s_000459.png
819	0	bicycle/bicycle_s_001904.png
820	1	motorcycle/minibike_s_001996.png
821	1	motorcycle/motorcycle_s_001611.png
822	0	bicycle/velocipede_s_001141.png
823	1	motorcycle/minibike_s_001747.png
824	0	bicycle/safety_bicycle_s_001029.png
825	0	bicycle/ordinary_bicycle_s_000029.png
826	1	motorcycle/minibike_s_002163.png
827	0	bicycle/safety_bike_s_001148.png
828	0	bicycle/cycle_s_003008.png
829	0	bicycle/bicycle_s_000099.png
830	1	motorcycle/minibike_s_000429.png
831	0	bicycle/bike_s_000003.png
832	0	bicycle/cycle_s_002178.png
833	0	bicycle/cycle_s_000639.png
834	1	motorcycle/motorcycle_s_000734.png
835	1	motorcycle/motorcycle_s_000309.png
836	0	bicycle/bicycle_s_000371.png
837	1	motorcycle/minibike_s_001270.png
838	1	motorcycle/minibike_s_000914.png
839	1	motorcycle/moped_s_000021.png
840	1	motorcycle/motorcycle_s_000242.png
841	1	motorcycle/minibike_s_000314.png
842	1	motorcycle/motorcycle_s_000698.png
843	1	motorcycle/motorcycle_s_001360.png
844	0	bicycle/ordinary_bicycle_s_000157.png
845	1	motorcycle/minibike_s_001838.png
846	0	bicycle/bicycle_s_002247.png
847	1	motorcycle/motorcycle_s_000027.png
848	1	motorcycle/minibike_s_000906.png
849	0	bicycle/safety_bicycle_s_000500.png
850	1	motorcycle/minibike_s_002146.png
851	1	motorcycle/motorcycle_s_001242.png
852	1	motorcycle/motorcycle_s_001707.png
853	0	bicycle/cycle_s_003043.png
854	0	bicycle/safety_bicycle_s_001109.png
855	0	bicycle/bike_s_001131.png
856	1	motorcycle/motorcycle_s_001118.png
857	0	bicycle/bike_s_001418.png
858	0	bicycle/bicycle_s_002550.png
859	0	bicycle/bicycle_s_002100.png
860	1	motorcycle/motorcycle_s_000933.png
861	0	bicycle/bicycle_s_002624.png
862	0	bicycle/safety_bicycle_s_001063.png
863	1	motorcycle/motorbike_s_000361.png
864	0	bicycle/safety_bicycle_s_000193.png
865	0	bicycle/safety_bicycle_s_000092.png
866	1	motorcycle/motorcycle_s_000009.png
867	0	bicycle/bicycle_s_001554.png
868	1	motorcycle/motorcycle_s_001297.png
869	0	bicycle/safety_bicycle_s_000296.png
870	0	bicycle/safety_bike_s_001371.png
871	0	bicycle/bicycle_s_001569.png
872	1	motorcycle/motorcycle_s_001536.png
873	0	bicycle/safety_bicycle_s_001659.png
874	0	bicycle/ordinary_bicycle_s_000102.png
875	0	bicycle/bike_s_002215.png
876	0	bicycle/bicycle_s_002410.png
877	0	bicycle/cycle_s_003147.png
878	0	bicycle/bicycle_s_002759.png
879	1	motorcycle/minibike_s_000335.png
880	0	bicycle/safety_bike_s_000848.png
881	0	bicycle/velocipede_s_000807.png
882	0	bicycle/bike_s_000024.png
883	1	motorcycle/minibike_s_000435.png
884	1	motorcycle/minibike_s_001498.png
885	0	bicycle/velocipede_s_001166.png
886	1	motorcycle/motorcycle_s_001012.png
887	0	bicycle/velocipede_s_000330.png
888	1	motorcycle/motorcycle_s_000032.png
889	1	motorcycle/minibike_s_001597.png
890	1	motorcycle/motorcycle_s_002298.png
891	1	motorcycle/minibike_s_000102.png
892	1	motorcycle/motorcycle_s_001507.png
893	1	motorcycle/motorbike_s_000022.png
894	1	motorcycle/motorcycle_s_000594.png
895	1	motorcycle/minibike_s_001539.png
896	0	bicycle/bicycle_s_001228.png
897	1	motorcycle/minibike_s_001344.png
898	1	motorcycle/motorcycle_s_002271.png
899	1	motorcycle/motorcycle_s_000791.png
900	0	bicycle/ordinary_bicycle_s_000218.png
901	1	motorcycle/motorcycle_s_000221.png
902	1	motorcycle/minibike_s_001691.png
903	1	motorcycle/motorcycle_s_001209.png
904	0	bicycle/ordinary_bicycle_s_000101.png
905	1	motorcycle/motorcycle_s_001326.png
906	1	motorcycle/minibike_s_001249.png
907	0	bicycle/bicycle_s_000408.png
908	1	motorcycle/minibike_s_000520.png
909	1	motorcycle/minibike_s_002218.png
910	1	motorcycle/minibike_s_001458.png
911	1	motorcycle/moped_s_000034.png
912	1	motorcycle/motorbike_s_000119.png
913	1	motorcycle/motorcycle_s_001027.png
914	0	bicycle/cycle_s_001477.png
915	1	motorcycle/motorcycle_s_001710.png
916	1	motorcycle/minibike_s_000434.png
917	1	motorcycle/motorcycle_s_000979.png
918	0	bicycle/safety_bike_s_001289.png
919	0	bicycle/safety_bike_s_001560.png
920	1	motorcycle/minibike_s_000011.png
921	0	bicycle/bicycle_s_001642.png
922	1	motorcycle/minibike_s_000527.png
923	0	bicycle/bicycle_s_001245.png
924	0	bicycle/bike_s_000934.png
925	0	bicycle/velocipede_s_001244.png
926	0	bicycle/velocipede_s_001882.png
927	0	bicycle/bike_s_001683.png
928	1	motorcycle/minibike_s_000127.png
929	0	bicycle/bicycle_s_001002.png
930	1	motorcycle/moped_s_000044.png
931	1	motorcycle/bike_s_000025.png
932	1	motorcycle/minibike_s_000690.png
933	1	motorcycle/minibike_s_000022.png
934	1	motorcycle/motorcycle_s_001196.png
935	0	bicycle/ordinary_bicycle_s_000269.png
936	0	bicycle/cycle_s_002503.png
937	0	bicycle/ordinary_bicycle_s_000097.png
938	0	bicycle/safety_bike_s_000009.png
939	0	bicycle/safety_bike_s_000015.png
940	1	motorcycle/minibike_s_000613.png
941	1	motorcycle/motorcycle_s_001017.png
942	1	motorcycle/minibike_s_000203.png
943	0	bicycle/velocipede_s_001489.png
944	1	motorcycle/minibike_s_000813.png
945	0	bicycle/safety_bicycle_s_000425.png
946	1	motorcycle/motorcycle_s_001622.png
947	1	motorcycle/motorcycle_s_000593.png
948	1	motorcycle/minibike_s_000116.png
949	1	motorcycle/motorcycle_s_001563.png
950	0	bicycle/cycle_s_001875.png
951	0	bicycle/safety_bike_s_001590.png
952	1	motorcycle/minibike_s_000830.png
953	1	motorcycle/minibike_s_000570.png
954	0	bicycle/bike_s_001380.png
955	1	motorcycle/moped_s_000236.png
956	1	motorcycle/motorcycle_s_000339.png
957	0	bicycle/safety_bike_s_001465.png
958	1	motorcycle/motorcycle_s_001714.png
959	1	motorcycle/minibike_s_001191.png
960	0	bicycle/cycle_s_002882.png
961	0	bicycle/bicycle_s_000822.png
962	0	bicycle/bike_s_001827.png
963	0	bicycle/ordinary_bicycle_s_000110.png
964	1	motorcycle/minibike_s_000293.png
965	1	motorcycle/motorcycle_s_000249.png
966	0	bicycle/ordinary_bicycle_s_000154.png
967	1	motorcycle/motorcycle_s_001527.png
968	1	motorcycle/motorcycle_s_001033.png
969	1	motorcycle/motorcycle_s_001709.png
970	0	bicycle/bicycle_s_001348.png
971	1	motorcycle/minibike_s_002194.png
972	1	motorcycle/minibike_s_001079.png
973	0	bicycle/bicycle_s_000017.png
974	1	motorcycle/minibike_s_001638.png
975	1	motorcycle/motorcycle_s_001587.png
976	1	motorcycle/motorcycle_s_000486.png
977	1	motorcycle/minibike_s_001880.png
978	1	motorcycle/dirt_bike_s_000003.png
979	0	bicycle/bike_s_000336.png
980	1	motorcycle/minibike_s_002115.png
981	1	motorcycle/motorbike_s_000449.png
982	1	motorcycle/motorcycle_s_000304.png
983	1	motorcycle/motorcycle_s_000022.png
984	1	motorcycle/motorcycle_s_001623.png
985	1	motorcycle/motorbike_s_000223.png
986	1	motorcycle/motorcycle_s_000290.png
987	0	bicycle/safety_bicycle_s_001327.png
988	0	bicycle/bike_s_002288.png
989	1	motorcycle/minibike_s_000569.png
990	0	bicycle/bike_s_002047.png
991	1	motorcycle/motorcycle_s_002031.png
992	1	motorcycle/bike_s_000062.png
993	0	bicycle/cycle_s_000871.png
994	1	motorcycle/motorcycle_s_001778.png
995	0	bicycle/velocipede_s_000010.png
996	1	motorcycle/motorcycle_s_001247.png
997	1	motorcycle/motorcycle_s_000724.png
998	0	bicycle/velocipede_s_001637.png
999	1	motorcycle/motorcycle_s_000291.png
